<?xml version="1.0" encoding="UTF-8"?>
<!-- Generated by org.testng.reporters.JUnitReportReporter -->
<testsuite skipped="0" hostname="DESKTOP-MOGPDCJ" name="testcases.Offline_Website_Login_Testcases" tests="2" failures="0" timestamp="25 Oct 2018 17:26:18 GMT" time="2.362" errors="0">
  <testcase name="Verify_Successful_Login" time="2.338" classname="testcases.Offline_Website_Login_Testcases"/>
  <testcase name="Verify_Offline_Website_LoginURL" time="0.024" classname="testcases.Offline_Website_Login_Testcases"/>
</testsuite> <!-- testcases.Offline_Website_Login_Testcases -->
